<?xml version="1.0" encoding="UTF-8"?>
<!-- Generated by org.testng.reporters.JUnitReportReporter -->
<testsuite hostname="PCOS-1606141414" name="TestCases.Case4" tests="1" failures="0" timestamp="24 May 2017 06:48:04 GMT" time="2898.250" errors="0">
  <testcase name="f" time="2898.250" classname="TestCases.Case4"/>
</testsuite> <!-- TestCases.Case4 -->
