<?xml version="1.0" encoding="UTF-8"?>
<!-- Generated by org.testng.reporters.JUnitReportReporter -->
<testsuite hostname="PCOS-1606141414" name="TestCases.Case2" tests="2" failures="0" timestamp="24 May 2017 06:48:04 GMT" time="0.000" errors="0">
  <testcase name="f" time="0.000" classname="TestCases.Case2"/>
  <testcase name="f" time="0.000" classname="TestCases.Case2"/>
</testsuite> <!-- TestCases.Case2 -->
